ERROR: [8] Constant SITE_ROOT already defined
Notice on line 4 in file /home/jorge/projects/products_ORM_pagination/modules/products_FE/model/model/products_model.class.singleton.php
 | 27.10.2016 12:43:14  |  User:   | products_FE | response 200
ERROR: [8] Constant SITE_ROOT already defined
Notice on line 4 in file /home/jorge/projects/products_ORM_pagination/modules/products_FE/model/BLL/products_bll.class.singleton.php
 | 27.10.2016 12:43:14  |  User:   | products_FE | response 200
ERROR: [8] Constant SITE_ROOT already defined
Notice on line 3 in file /home/jorge/projects/products_ORM_pagination/model/Conf.class.singleton.php
 | 27.10.2016 12:43:14  |  User:   | products_FE | response 200
ERROR: [8] Constant MODEL_PATH already defined
Notice on line 4 in file /home/jorge/projects/products_ORM_pagination/model/Conf.class.singleton.php
 | 27.10.2016 12:43:14  |  User:   | products_FE | response 200
ERROR: [8] Constant SITE_ROOT already defined
Notice on line 4 in file /home/jorge/projects/products_ORM_pagination/modules/products_FE/model/model/products_model.class.singleton.php
 | 27.10.2016 12:43:14  |  User:   | products_FE | response 200
ERROR: [8] Constant SITE_ROOT already defined
Notice on line 4 in file /home/jorge/projects/products_ORM_pagination/modules/products_FE/model/BLL/products_bll.class.singleton.php
 | 27.10.2016 12:43:14  |  User:   | products_FE | response 200
ERROR: [8] Constant SITE_ROOT already defined
Notice on line 3 in file /home/jorge/projects/products_ORM_pagination/model/Conf.class.singleton.php
 | 27.10.2016 12:43:14  |  User:   | products_FE | response 200
ERROR: [8] Constant MODEL_PATH already defined
Notice on line 4 in file /home/jorge/projects/products_ORM_pagination/model/Conf.class.singleton.php
 | 27.10.2016 12:43:14  |  User:   | products_FE | response 200
ERROR: [8] Constant SITE_ROOT already defined
Notice on line 4 in file /home/jorge/projects/products_ORM_pagination/modules/products_FE/model/model/products_model.class.singleton.php
 | 27.10.2016 12:43:41  |  User:   | products_FE | response 200
ERROR: [8] Constant SITE_ROOT already defined
Notice on line 4 in file /home/jorge/projects/products_ORM_pagination/modules/products_FE/model/BLL/products_bll.class.singleton.php
 | 27.10.2016 12:43:41  |  User:   | products_FE | response 200
ERROR: [8] Constant SITE_ROOT already defined
Notice on line 3 in file /home/jorge/projects/products_ORM_pagination/model/Conf.class.singleton.php
 | 27.10.2016 12:43:41  |  User:   | products_FE | response 200
ERROR: [8] Constant MODEL_PATH already defined
Notice on line 4 in file /home/jorge/projects/products_ORM_pagination/model/Conf.class.singleton.php
 | 27.10.2016 12:43:41  |  User:   | products_FE | response 200
ERROR: [8] Constant SITE_ROOT already defined
Notice on line 4 in file /home/jorge/projects/products_ORM_pagination/modules/products_FE/model/model/products_model.class.singleton.php
 | 27.10.2016 12:44:53  |  User:   | products_FE | response 200
ERROR: [8] Constant SITE_ROOT already defined
Notice on line 4 in file /home/jorge/projects/products_ORM_pagination/modules/products_FE/model/BLL/products_bll.class.singleton.php
 | 27.10.2016 12:44:53  |  User:   | products_FE | response 200
ERROR: [8] Constant SITE_ROOT already defined
Notice on line 3 in file /home/jorge/projects/products_ORM_pagination/model/Conf.class.singleton.php
 | 27.10.2016 12:44:53  |  User:   | products_FE | response 200
ERROR: [8] Constant MODEL_PATH already defined
Notice on line 4 in file /home/jorge/projects/products_ORM_pagination/model/Conf.class.singleton.php
 | 27.10.2016 12:44:53  |  User:   | products_FE | response 200
ERROR: [8] Constant SITE_ROOT already defined
Notice on line 4 in file /home/jorge/projects/products_ORM_pagination/modules/products_FE/model/model/products_model.class.singleton.php
 | 27.10.2016 12:44:53  |  User:   | products_FE | response 200
ERROR: [8] Constant SITE_ROOT already defined
Notice on line 4 in file /home/jorge/projects/products_ORM_pagination/modules/products_FE/model/BLL/products_bll.class.singleton.php
 | 27.10.2016 12:44:53  |  User:   | products_FE | response 200
ERROR: [8] Constant SITE_ROOT already defined
Notice on line 3 in file /home/jorge/projects/products_ORM_pagination/model/Conf.class.singleton.php
 | 27.10.2016 12:44:53  |  User:   | products_FE | response 200
ERROR: [8] Constant MODEL_PATH already defined
Notice on line 4 in file /home/jorge/projects/products_ORM_pagination/model/Conf.class.singleton.php
 | 27.10.2016 12:44:53  |  User:   | products_FE | response 200
ERROR: [8] Constant SITE_ROOT already defined
Notice on line 4 in file /home/jorge/projects/products_ORM_pagination/modules/products_FE/model/model/products_model.class.singleton.php
 | 27.10.2016 01:01:04  |  User:   | products_FE | response 200
ERROR: [8] Constant SITE_ROOT already defined
Notice on line 4 in file /home/jorge/projects/products_ORM_pagination/modules/products_FE/model/BLL/products_bll.class.singleton.php
 | 27.10.2016 01:01:04  |  User:   | products_FE | response 200
ERROR: [8] Constant SITE_ROOT already defined
Notice on line 3 in file /home/jorge/projects/products_ORM_pagination/model/Conf.class.singleton.php
 | 27.10.2016 01:01:04  |  User:   | products_FE | response 200
ERROR: [8] Constant MODEL_PATH already defined
Notice on line 4 in file /home/jorge/projects/products_ORM_pagination/model/Conf.class.singleton.php
 | 27.10.2016 01:01:04  |  User:   | products_FE | response 200
ERROR: [8] Constant SITE_ROOT already defined
Notice on line 4 in file /home/jorge/projects/products_ORM_pagination/modules/products_FE/model/model/products_model.class.singleton.php
 | 27.10.2016 01:01:04  |  User:   | products_FE | response 200
ERROR: [8] Constant SITE_ROOT already defined
Notice on line 4 in file /home/jorge/projects/products_ORM_pagination/modules/products_FE/model/BLL/products_bll.class.singleton.php
 | 27.10.2016 01:01:04  |  User:   | products_FE | response 200
ERROR: [8] Constant SITE_ROOT already defined
Notice on line 3 in file /home/jorge/projects/products_ORM_pagination/model/Conf.class.singleton.php
 | 27.10.2016 01:01:04  |  User:   | products_FE | response 200
ERROR: [8] Constant MODEL_PATH already defined
Notice on line 4 in file /home/jorge/projects/products_ORM_pagination/model/Conf.class.singleton.php
 | 27.10.2016 01:01:04  |  User:   | products_FE | response 200
ERROR: [8] Constant SITE_ROOT already defined
Notice on line 4 in file /home/jorge/projects/products_ORM_pagination/modules/products_FE/model/model/products_model.class.singleton.php
 | 27.10.2016 01:01:46  |  User:   | products_FE | response 200
ERROR: [8] Constant SITE_ROOT already defined
Notice on line 4 in file /home/jorge/projects/products_ORM_pagination/modules/products_FE/model/BLL/products_bll.class.singleton.php
 | 27.10.2016 01:01:46  |  User:   | products_FE | response 200
ERROR: [8] Constant SITE_ROOT already defined
Notice on line 4 in file /home/jorge/projects/products_ORM_pagination/modules/products_FE/model/model/products_model.class.singleton.php
 | 27.10.2016 01:02:11  |  User:   | products_FE | response 200
ERROR: [8] Constant SITE_ROOT already defined
Notice on line 4 in file /home/jorge/projects/products_ORM_pagination/modules/products_FE/model/BLL/products_bll.class.singleton.php
 | 27.10.2016 01:02:11  |  User:   | products_FE | response 200
ERROR: [8] Constant SITE_ROOT already defined
Notice on line 3 in file /home/jorge/projects/products_ORM_pagination/model/Conf.class.singleton.php
 | 27.10.2016 01:02:11  |  User:   | products_FE | response 200
ERROR: [8] Constant MODEL_PATH already defined
Notice on line 4 in file /home/jorge/projects/products_ORM_pagination/model/Conf.class.singleton.php
 | 27.10.2016 01:02:11  |  User:   | products_FE | response 200
ERROR: [8] Constant SITE_ROOT already defined
Notice on line 4 in file /home/jorge/projects/products_ORM_pagination/modules/products_FE/model/model/products_model.class.singleton.php
 | 27.10.2016 01:02:11  |  User:   | products_FE | response 200
ERROR: [8] Constant SITE_ROOT already defined
Notice on line 4 in file /home/jorge/projects/products_ORM_pagination/modules/products_FE/model/BLL/products_bll.class.singleton.php
 | 27.10.2016 01:02:11  |  User:   | products_FE | response 200
ERROR: [8] Constant SITE_ROOT already defined
Notice on line 3 in file /home/jorge/projects/products_ORM_pagination/model/Conf.class.singleton.php
 | 27.10.2016 01:02:11  |  User:   | products_FE | response 200
ERROR: [8] Constant MODEL_PATH already defined
Notice on line 4 in file /home/jorge/projects/products_ORM_pagination/model/Conf.class.singleton.php
 | 27.10.2016 01:02:11  |  User:   | products_FE | response 200
ERROR: [8] Constant SITE_ROOT already defined
Notice on line 4 in file /home/jorge/projects/products_ORM_pagination/modules/products_FE/model/model/products_model.class.singleton.php
 | 27.10.2016 01:02:14  |  User:   | products_FE | response 200
ERROR: [8] Constant SITE_ROOT already defined
Notice on line 4 in file /home/jorge/projects/products_ORM_pagination/modules/products_FE/model/BLL/products_bll.class.singleton.php
 | 27.10.2016 01:02:14  |  User:   | products_FE | response 200
ERROR: [8] Constant SITE_ROOT already defined
Notice on line 3 in file /home/jorge/projects/products_ORM_pagination/model/Conf.class.singleton.php
 | 27.10.2016 01:02:14  |  User:   | products_FE | response 200
ERROR: [8] Constant MODEL_PATH already defined
Notice on line 4 in file /home/jorge/projects/products_ORM_pagination/model/Conf.class.singleton.php
 | 27.10.2016 01:02:14  |  User:   | products_FE | response 200
ERROR: [8] Constant SITE_ROOT already defined
Notice on line 4 in file /home/jorge/projects/products_ORM_pagination/modules/products_FE/model/model/products_model.class.singleton.php
 | 27.10.2016 01:06:43  |  User:   | products_FE | response 200
ERROR: [8] Constant SITE_ROOT already defined
Notice on line 4 in file /home/jorge/projects/products_ORM_pagination/modules/products_FE/model/BLL/products_bll.class.singleton.php
 | 27.10.2016 01:06:43  |  User:   | products_FE | response 200
ERROR: [8] Constant SITE_ROOT already defined
Notice on line 3 in file /home/jorge/projects/products_ORM_pagination/model/Conf.class.singleton.php
 | 27.10.2016 01:06:43  |  User:   | products_FE | response 200
ERROR: [8] Constant MODEL_PATH already defined
Notice on line 4 in file /home/jorge/projects/products_ORM_pagination/model/Conf.class.singleton.php
 | 27.10.2016 01:06:43  |  User:   | products_FE | response 200
ERROR: [8] Constant SITE_ROOT already defined
Notice on line 4 in file /home/jorge/projects/products_ORM_pagination/modules/products_FE/model/model/products_model.class.singleton.php
 | 27.10.2016 01:06:43  |  User:   | products_FE | response 200
ERROR: [8] Constant SITE_ROOT already defined
Notice on line 4 in file /home/jorge/projects/products_ORM_pagination/modules/products_FE/model/BLL/products_bll.class.singleton.php
 | 27.10.2016 01:06:43  |  User:   | products_FE | response 200
ERROR: [8] Constant SITE_ROOT already defined
Notice on line 3 in file /home/jorge/projects/products_ORM_pagination/model/Conf.class.singleton.php
 | 27.10.2016 01:06:43  |  User:   | products_FE | response 200
ERROR: [8] Constant MODEL_PATH already defined
Notice on line 4 in file /home/jorge/projects/products_ORM_pagination/model/Conf.class.singleton.php
 | 27.10.2016 01:06:43  |  User:   | products_FE | response 200
ERROR: [8] Constant SITE_ROOT already defined
Notice on line 4 in file /home/jorge/projects/products_ORM_pagination/modules/products_FE/model/model/products_model.class.singleton.php
 | 27.10.2016 01:10:23  |  User:   | products_FE | response 200
ERROR: [8] Constant SITE_ROOT already defined
Notice on line 4 in file /home/jorge/projects/products_ORM_pagination/modules/products_FE/model/BLL/products_bll.class.singleton.php
 | 27.10.2016 01:10:23  |  User:   | products_FE | response 200
ERROR: [8] Constant SITE_ROOT already defined
Notice on line 3 in file /home/jorge/projects/products_ORM_pagination/model/Conf.class.singleton.php
 | 27.10.2016 01:10:23  |  User:   | products_FE | response 200
ERROR: [8] Constant MODEL_PATH already defined
Notice on line 4 in file /home/jorge/projects/products_ORM_pagination/model/Conf.class.singleton.php
 | 27.10.2016 01:10:23  |  User:   | products_FE | response 200
ERROR: [8] Constant SITE_ROOT already defined
Notice on line 4 in file /home/jorge/projects/products_ORM_pagination/modules/products_FE/model/model/products_model.class.singleton.php
 | 27.10.2016 01:10:23  |  User:   | products_FE | response 200
ERROR: [8] Constant SITE_ROOT already defined
Notice on line 4 in file /home/jorge/projects/products_ORM_pagination/modules/products_FE/model/BLL/products_bll.class.singleton.php
 | 27.10.2016 01:10:23  |  User:   | products_FE | response 200
ERROR: [8] Constant SITE_ROOT already defined
Notice on line 3 in file /home/jorge/projects/products_ORM_pagination/model/Conf.class.singleton.php
 | 27.10.2016 01:10:23  |  User:   | products_FE | response 200
ERROR: [8] Constant MODEL_PATH already defined
Notice on line 4 in file /home/jorge/projects/products_ORM_pagination/model/Conf.class.singleton.php
 | 27.10.2016 01:10:23  |  User:   | products_FE | response 200
ERROR: [8] Constant SITE_ROOT already defined
Notice on line 4 in file /home/jorge/projects/products_ORM_pagination/modules/products_FE/model/model/products_model.class.singleton.php
 | 27.10.2016 01:11:33  |  User:   | products_FE | response 200
ERROR: [8] Constant SITE_ROOT already defined
Notice on line 4 in file /home/jorge/projects/products_ORM_pagination/modules/products_FE/model/BLL/products_bll.class.singleton.php
 | 27.10.2016 01:11:33  |  User:   | products_FE | response 200
ERROR: [8] Constant SITE_ROOT already defined
Notice on line 3 in file /home/jorge/projects/products_ORM_pagination/model/Conf.class.singleton.php
 | 27.10.2016 01:11:33  |  User:   | products_FE | response 200
ERROR: [8] Constant MODEL_PATH already defined
Notice on line 4 in file /home/jorge/projects/products_ORM_pagination/model/Conf.class.singleton.php
 | 27.10.2016 01:11:33  |  User:   | products_FE | response 200
ERROR: [8] Constant SITE_ROOT already defined
Notice on line 4 in file /home/jorge/projects/products_ORM_pagination/modules/products_FE/model/model/products_model.class.singleton.php
 | 27.10.2016 01:11:33  |  User:   | products_FE | response 200
ERROR: [8] Constant SITE_ROOT already defined
Notice on line 4 in file /home/jorge/projects/products_ORM_pagination/modules/products_FE/model/BLL/products_bll.class.singleton.php
 | 27.10.2016 01:11:33  |  User:   | products_FE | response 200
ERROR: [8] Constant SITE_ROOT already defined
Notice on line 3 in file /home/jorge/projects/products_ORM_pagination/model/Conf.class.singleton.php
 | 27.10.2016 01:11:33  |  User:   | products_FE | response 200
ERROR: [8] Constant MODEL_PATH already defined
Notice on line 4 in file /home/jorge/projects/products_ORM_pagination/model/Conf.class.singleton.php
 | 27.10.2016 01:11:33  |  User:   | products_FE | response 200
ERROR: [8] Constant SITE_ROOT already defined
Notice on line 4 in file /home/jorge/projects/products_ORM_pagination/modules/products_FE/model/model/products_model.class.singleton.php
 | 27.10.2016 01:11:35  |  User:   | products_FE | response 200
ERROR: [8] Constant SITE_ROOT already defined
Notice on line 4 in file /home/jorge/projects/products_ORM_pagination/modules/products_FE/model/BLL/products_bll.class.singleton.php
 | 27.10.2016 01:11:35  |  User:   | products_FE | response 200
ERROR: [8] Constant SITE_ROOT already defined
Notice on line 3 in file /home/jorge/projects/products_ORM_pagination/model/Conf.class.singleton.php
 | 27.10.2016 01:11:35  |  User:   | products_FE | response 200
ERROR: [8] Constant MODEL_PATH already defined
Notice on line 4 in file /home/jorge/projects/products_ORM_pagination/model/Conf.class.singleton.php
 | 27.10.2016 01:11:35  |  User:   | products_FE | response 200
ERROR: [8] Constant SITE_ROOT already defined
Notice on line 4 in file /home/jorge/projects/products_ORM_pagination/modules/products_FE/model/model/products_model.class.singleton.php
 | 27.10.2016 01:11:35  |  User:   | products_FE | response 200
ERROR: [8] Constant SITE_ROOT already defined
Notice on line 4 in file /home/jorge/projects/products_ORM_pagination/modules/products_FE/model/BLL/products_bll.class.singleton.php
 | 27.10.2016 01:11:35  |  User:   | products_FE | response 200
ERROR: [8] Constant SITE_ROOT already defined
Notice on line 3 in file /home/jorge/projects/products_ORM_pagination/model/Conf.class.singleton.php
 | 27.10.2016 01:11:35  |  User:   | products_FE | response 200
ERROR: [8] Constant MODEL_PATH already defined
Notice on line 4 in file /home/jorge/projects/products_ORM_pagination/model/Conf.class.singleton.php
 | 27.10.2016 01:11:35  |  User:   | products_FE | response 200
