27/10/16 12:43:14 AM | ERROR: [8] Constant SITE_ROOT already defined
Notice on line 4 in file /home/jorge/projects/products_ORM_pagination/modules/products_FE/model/model/products_model.class.singleton.php
 | products_FE | response 200
27/10/16 12:43:14 AM | ERROR: [8] Constant SITE_ROOT already defined
Notice on line 4 in file /home/jorge/projects/products_ORM_pagination/modules/products_FE/model/BLL/products_bll.class.singleton.php
 | products_FE | response 200
27/10/16 12:43:14 AM | ERROR: [8] Constant SITE_ROOT already defined
Notice on line 3 in file /home/jorge/projects/products_ORM_pagination/model/Conf.class.singleton.php
 | products_FE | response 200
27/10/16 12:43:14 AM | ERROR: [8] Constant MODEL_PATH already defined
Notice on line 4 in file /home/jorge/projects/products_ORM_pagination/model/Conf.class.singleton.php
 | products_FE | response 200
27/10/16 12:43:14 AM | ERROR: [8] Constant SITE_ROOT already defined
Notice on line 4 in file /home/jorge/projects/products_ORM_pagination/modules/products_FE/model/model/products_model.class.singleton.php
 | products_FE | response 200
27/10/16 12:43:14 AM | ERROR: [8] Constant SITE_ROOT already defined
Notice on line 4 in file /home/jorge/projects/products_ORM_pagination/modules/products_FE/model/BLL/products_bll.class.singleton.php
 | products_FE | response 200
27/10/16 12:43:14 AM | ERROR: [8] Constant SITE_ROOT already defined
Notice on line 3 in file /home/jorge/projects/products_ORM_pagination/model/Conf.class.singleton.php
 | products_FE | response 200
27/10/16 12:43:14 AM | ERROR: [8] Constant MODEL_PATH already defined
Notice on line 4 in file /home/jorge/projects/products_ORM_pagination/model/Conf.class.singleton.php
 | products_FE | response 200
27/10/16 12:43:41 AM | ERROR: [8] Constant SITE_ROOT already defined
Notice on line 4 in file /home/jorge/projects/products_ORM_pagination/modules/products_FE/model/model/products_model.class.singleton.php
 | products_FE | response 200
27/10/16 12:43:41 AM | ERROR: [8] Constant SITE_ROOT already defined
Notice on line 4 in file /home/jorge/projects/products_ORM_pagination/modules/products_FE/model/BLL/products_bll.class.singleton.php
 | products_FE | response 200
27/10/16 12:43:41 AM | ERROR: [8] Constant SITE_ROOT already defined
Notice on line 3 in file /home/jorge/projects/products_ORM_pagination/model/Conf.class.singleton.php
 | products_FE | response 200
27/10/16 12:43:41 AM | ERROR: [8] Constant MODEL_PATH already defined
Notice on line 4 in file /home/jorge/projects/products_ORM_pagination/model/Conf.class.singleton.php
 | products_FE | response 200
27/10/16 12:44:53 AM | ERROR: [8] Constant SITE_ROOT already defined
Notice on line 4 in file /home/jorge/projects/products_ORM_pagination/modules/products_FE/model/model/products_model.class.singleton.php
 | products_FE | response 200
27/10/16 12:44:53 AM | ERROR: [8] Constant SITE_ROOT already defined
Notice on line 4 in file /home/jorge/projects/products_ORM_pagination/modules/products_FE/model/BLL/products_bll.class.singleton.php
 | products_FE | response 200
27/10/16 12:44:53 AM | ERROR: [8] Constant SITE_ROOT already defined
Notice on line 3 in file /home/jorge/projects/products_ORM_pagination/model/Conf.class.singleton.php
 | products_FE | response 200
27/10/16 12:44:53 AM | ERROR: [8] Constant MODEL_PATH already defined
Notice on line 4 in file /home/jorge/projects/products_ORM_pagination/model/Conf.class.singleton.php
 | products_FE | response 200
27/10/16 12:44:53 AM | ERROR: [8] Constant SITE_ROOT already defined
Notice on line 4 in file /home/jorge/projects/products_ORM_pagination/modules/products_FE/model/model/products_model.class.singleton.php
 | products_FE | response 200
27/10/16 12:44:53 AM | ERROR: [8] Constant SITE_ROOT already defined
Notice on line 4 in file /home/jorge/projects/products_ORM_pagination/modules/products_FE/model/BLL/products_bll.class.singleton.php
 | products_FE | response 200
27/10/16 12:44:53 AM | ERROR: [8] Constant SITE_ROOT already defined
Notice on line 3 in file /home/jorge/projects/products_ORM_pagination/model/Conf.class.singleton.php
 | products_FE | response 200
27/10/16 12:44:53 AM | ERROR: [8] Constant MODEL_PATH already defined
Notice on line 4 in file /home/jorge/projects/products_ORM_pagination/model/Conf.class.singleton.php
 | products_FE | response 200
27/10/16 01:01:04 AM | ERROR: [8] Constant SITE_ROOT already defined
Notice on line 4 in file /home/jorge/projects/products_ORM_pagination/modules/products_FE/model/model/products_model.class.singleton.php
 | products_FE | response 200
27/10/16 01:01:04 AM | ERROR: [8] Constant SITE_ROOT already defined
Notice on line 4 in file /home/jorge/projects/products_ORM_pagination/modules/products_FE/model/BLL/products_bll.class.singleton.php
 | products_FE | response 200
27/10/16 01:01:04 AM | ERROR: [8] Constant SITE_ROOT already defined
Notice on line 3 in file /home/jorge/projects/products_ORM_pagination/model/Conf.class.singleton.php
 | products_FE | response 200
27/10/16 01:01:04 AM | ERROR: [8] Constant MODEL_PATH already defined
Notice on line 4 in file /home/jorge/projects/products_ORM_pagination/model/Conf.class.singleton.php
 | products_FE | response 200
27/10/16 01:01:04 AM | ERROR: [8] Constant SITE_ROOT already defined
Notice on line 4 in file /home/jorge/projects/products_ORM_pagination/modules/products_FE/model/model/products_model.class.singleton.php
 | products_FE | response 200
27/10/16 01:01:04 AM | ERROR: [8] Constant SITE_ROOT already defined
Notice on line 4 in file /home/jorge/projects/products_ORM_pagination/modules/products_FE/model/BLL/products_bll.class.singleton.php
 | products_FE | response 200
27/10/16 01:01:04 AM | ERROR: [8] Constant SITE_ROOT already defined
Notice on line 3 in file /home/jorge/projects/products_ORM_pagination/model/Conf.class.singleton.php
 | products_FE | response 200
27/10/16 01:01:04 AM | ERROR: [8] Constant MODEL_PATH already defined
Notice on line 4 in file /home/jorge/projects/products_ORM_pagination/model/Conf.class.singleton.php
 | products_FE | response 200
27/10/16 01:01:46 AM | ERROR: [8] Constant SITE_ROOT already defined
Notice on line 4 in file /home/jorge/projects/products_ORM_pagination/modules/products_FE/model/model/products_model.class.singleton.php
 | products_FE | response 200
27/10/16 01:01:46 AM | ERROR: [8] Constant SITE_ROOT already defined
Notice on line 4 in file /home/jorge/projects/products_ORM_pagination/modules/products_FE/model/BLL/products_bll.class.singleton.php
 | products_FE | response 200
27/10/16 01:02:11 AM | ERROR: [8] Constant SITE_ROOT already defined
Notice on line 4 in file /home/jorge/projects/products_ORM_pagination/modules/products_FE/model/model/products_model.class.singleton.php
 | products_FE | response 200
27/10/16 01:02:11 AM | ERROR: [8] Constant SITE_ROOT already defined
Notice on line 4 in file /home/jorge/projects/products_ORM_pagination/modules/products_FE/model/BLL/products_bll.class.singleton.php
 | products_FE | response 200
27/10/16 01:02:11 AM | ERROR: [8] Constant SITE_ROOT already defined
Notice on line 3 in file /home/jorge/projects/products_ORM_pagination/model/Conf.class.singleton.php
 | products_FE | response 200
27/10/16 01:02:11 AM | ERROR: [8] Constant MODEL_PATH already defined
Notice on line 4 in file /home/jorge/projects/products_ORM_pagination/model/Conf.class.singleton.php
 | products_FE | response 200
27/10/16 01:02:11 AM | ERROR: [8] Constant SITE_ROOT already defined
Notice on line 4 in file /home/jorge/projects/products_ORM_pagination/modules/products_FE/model/model/products_model.class.singleton.php
 | products_FE | response 200
27/10/16 01:02:11 AM | ERROR: [8] Constant SITE_ROOT already defined
Notice on line 4 in file /home/jorge/projects/products_ORM_pagination/modules/products_FE/model/BLL/products_bll.class.singleton.php
 | products_FE | response 200
27/10/16 01:02:11 AM | ERROR: [8] Constant SITE_ROOT already defined
Notice on line 3 in file /home/jorge/projects/products_ORM_pagination/model/Conf.class.singleton.php
 | products_FE | response 200
27/10/16 01:02:11 AM | ERROR: [8] Constant MODEL_PATH already defined
Notice on line 4 in file /home/jorge/projects/products_ORM_pagination/model/Conf.class.singleton.php
 | products_FE | response 200
27/10/16 01:02:14 AM | ERROR: [8] Constant SITE_ROOT already defined
Notice on line 4 in file /home/jorge/projects/products_ORM_pagination/modules/products_FE/model/model/products_model.class.singleton.php
 | products_FE | response 200
27/10/16 01:02:14 AM | ERROR: [8] Constant SITE_ROOT already defined
Notice on line 4 in file /home/jorge/projects/products_ORM_pagination/modules/products_FE/model/BLL/products_bll.class.singleton.php
 | products_FE | response 200
27/10/16 01:02:14 AM | ERROR: [8] Constant SITE_ROOT already defined
Notice on line 3 in file /home/jorge/projects/products_ORM_pagination/model/Conf.class.singleton.php
 | products_FE | response 200
27/10/16 01:02:14 AM | ERROR: [8] Constant MODEL_PATH already defined
Notice on line 4 in file /home/jorge/projects/products_ORM_pagination/model/Conf.class.singleton.php
 | products_FE | response 200
27/10/16 01:06:43 AM | ERROR: [8] Constant SITE_ROOT already defined
Notice on line 4 in file /home/jorge/projects/products_ORM_pagination/modules/products_FE/model/model/products_model.class.singleton.php
 | products_FE | response 200
27/10/16 01:06:43 AM | ERROR: [8] Constant SITE_ROOT already defined
Notice on line 4 in file /home/jorge/projects/products_ORM_pagination/modules/products_FE/model/BLL/products_bll.class.singleton.php
 | products_FE | response 200
27/10/16 01:06:43 AM | ERROR: [8] Constant SITE_ROOT already defined
Notice on line 3 in file /home/jorge/projects/products_ORM_pagination/model/Conf.class.singleton.php
 | products_FE | response 200
27/10/16 01:06:43 AM | ERROR: [8] Constant MODEL_PATH already defined
Notice on line 4 in file /home/jorge/projects/products_ORM_pagination/model/Conf.class.singleton.php
 | products_FE | response 200
27/10/16 01:06:43 AM | ERROR: [8] Constant SITE_ROOT already defined
Notice on line 4 in file /home/jorge/projects/products_ORM_pagination/modules/products_FE/model/model/products_model.class.singleton.php
 | products_FE | response 200
27/10/16 01:06:43 AM | ERROR: [8] Constant SITE_ROOT already defined
Notice on line 4 in file /home/jorge/projects/products_ORM_pagination/modules/products_FE/model/BLL/products_bll.class.singleton.php
 | products_FE | response 200
27/10/16 01:06:43 AM | ERROR: [8] Constant SITE_ROOT already defined
Notice on line 3 in file /home/jorge/projects/products_ORM_pagination/model/Conf.class.singleton.php
 | products_FE | response 200
27/10/16 01:06:43 AM | ERROR: [8] Constant MODEL_PATH already defined
Notice on line 4 in file /home/jorge/projects/products_ORM_pagination/model/Conf.class.singleton.php
 | products_FE | response 200
27/10/16 01:10:23 AM | ERROR: [8] Constant SITE_ROOT already defined
Notice on line 4 in file /home/jorge/projects/products_ORM_pagination/modules/products_FE/model/model/products_model.class.singleton.php
 | products_FE | response 200
27/10/16 01:10:23 AM | ERROR: [8] Constant SITE_ROOT already defined
Notice on line 4 in file /home/jorge/projects/products_ORM_pagination/modules/products_FE/model/BLL/products_bll.class.singleton.php
 | products_FE | response 200
27/10/16 01:10:23 AM | ERROR: [8] Constant SITE_ROOT already defined
Notice on line 3 in file /home/jorge/projects/products_ORM_pagination/model/Conf.class.singleton.php
 | products_FE | response 200
27/10/16 01:10:23 AM | ERROR: [8] Constant MODEL_PATH already defined
Notice on line 4 in file /home/jorge/projects/products_ORM_pagination/model/Conf.class.singleton.php
 | products_FE | response 200
27/10/16 01:10:23 AM | ERROR: [8] Constant SITE_ROOT already defined
Notice on line 4 in file /home/jorge/projects/products_ORM_pagination/modules/products_FE/model/model/products_model.class.singleton.php
 | products_FE | response 200
27/10/16 01:10:23 AM | ERROR: [8] Constant SITE_ROOT already defined
Notice on line 4 in file /home/jorge/projects/products_ORM_pagination/modules/products_FE/model/BLL/products_bll.class.singleton.php
 | products_FE | response 200
27/10/16 01:10:23 AM | ERROR: [8] Constant SITE_ROOT already defined
Notice on line 3 in file /home/jorge/projects/products_ORM_pagination/model/Conf.class.singleton.php
 | products_FE | response 200
27/10/16 01:10:23 AM | ERROR: [8] Constant MODEL_PATH already defined
Notice on line 4 in file /home/jorge/projects/products_ORM_pagination/model/Conf.class.singleton.php
 | products_FE | response 200
27/10/16 01:11:33 AM | ERROR: [8] Constant SITE_ROOT already defined
Notice on line 4 in file /home/jorge/projects/products_ORM_pagination/modules/products_FE/model/model/products_model.class.singleton.php
 | products_FE | response 200
27/10/16 01:11:33 AM | ERROR: [8] Constant SITE_ROOT already defined
Notice on line 4 in file /home/jorge/projects/products_ORM_pagination/modules/products_FE/model/BLL/products_bll.class.singleton.php
 | products_FE | response 200
27/10/16 01:11:33 AM | ERROR: [8] Constant SITE_ROOT already defined
Notice on line 3 in file /home/jorge/projects/products_ORM_pagination/model/Conf.class.singleton.php
 | products_FE | response 200
27/10/16 01:11:33 AM | ERROR: [8] Constant MODEL_PATH already defined
Notice on line 4 in file /home/jorge/projects/products_ORM_pagination/model/Conf.class.singleton.php
 | products_FE | response 200
27/10/16 01:11:33 AM | ERROR: [8] Constant SITE_ROOT already defined
Notice on line 4 in file /home/jorge/projects/products_ORM_pagination/modules/products_FE/model/model/products_model.class.singleton.php
 | products_FE | response 200
27/10/16 01:11:33 AM | ERROR: [8] Constant SITE_ROOT already defined
Notice on line 4 in file /home/jorge/projects/products_ORM_pagination/modules/products_FE/model/BLL/products_bll.class.singleton.php
 | products_FE | response 200
27/10/16 01:11:33 AM | ERROR: [8] Constant SITE_ROOT already defined
Notice on line 3 in file /home/jorge/projects/products_ORM_pagination/model/Conf.class.singleton.php
 | products_FE | response 200
27/10/16 01:11:33 AM | ERROR: [8] Constant MODEL_PATH already defined
Notice on line 4 in file /home/jorge/projects/products_ORM_pagination/model/Conf.class.singleton.php
 | products_FE | response 200
27/10/16 01:11:35 AM | ERROR: [8] Constant SITE_ROOT already defined
Notice on line 4 in file /home/jorge/projects/products_ORM_pagination/modules/products_FE/model/model/products_model.class.singleton.php
 | products_FE | response 200
27/10/16 01:11:35 AM | ERROR: [8] Constant SITE_ROOT already defined
Notice on line 4 in file /home/jorge/projects/products_ORM_pagination/modules/products_FE/model/BLL/products_bll.class.singleton.php
 | products_FE | response 200
27/10/16 01:11:35 AM | ERROR: [8] Constant SITE_ROOT already defined
Notice on line 3 in file /home/jorge/projects/products_ORM_pagination/model/Conf.class.singleton.php
 | products_FE | response 200
27/10/16 01:11:35 AM | ERROR: [8] Constant MODEL_PATH already defined
Notice on line 4 in file /home/jorge/projects/products_ORM_pagination/model/Conf.class.singleton.php
 | products_FE | response 200
27/10/16 01:11:35 AM | ERROR: [8] Constant SITE_ROOT already defined
Notice on line 4 in file /home/jorge/projects/products_ORM_pagination/modules/products_FE/model/model/products_model.class.singleton.php
 | products_FE | response 200
27/10/16 01:11:35 AM | ERROR: [8] Constant SITE_ROOT already defined
Notice on line 4 in file /home/jorge/projects/products_ORM_pagination/modules/products_FE/model/BLL/products_bll.class.singleton.php
 | products_FE | response 200
27/10/16 01:11:35 AM | ERROR: [8] Constant SITE_ROOT already defined
Notice on line 3 in file /home/jorge/projects/products_ORM_pagination/model/Conf.class.singleton.php
 | products_FE | response 200
27/10/16 01:11:35 AM | ERROR: [8] Constant MODEL_PATH already defined
Notice on line 4 in file /home/jorge/projects/products_ORM_pagination/model/Conf.class.singleton.php
 | products_FE | response 200
